<?xml version="1.0" encoding="UTF-8"?>
<testsuite xmlns:xsi="http://www.w3.org/2001/XMLSchema-instance" xsi:noNamespaceSchemaLocation="https://maven.apache.org/surefire/maven-surefire-plugin/xsd/surefire-test-report-3.0.xsd" version="3.0" name="com.harmoniqscrum.model.PlaybackEngineTest" time="0.381" tests="10" errors="0" skipped="0" failures="0">
  <properties>
[...]
</properties>
  <testcase name="testPlaySongByTitle_SongNotFound" classname="com.harmoniqscrum.model.PlaybackEngineTest" time="0.04">
    <system-out><![CDATA[Loaded 5 songs from JSON file
]]></system-out>
  </testcase>
  <testcase name="testSetAndGetLooping" classname="com.harmoniqscrum.model.PlaybackEngineTest" time="0.001"/>
  <testcase name="testPlay" classname="com.harmoniqscrum.model.PlaybackEngineTest" time="0.225">
    <system-out><![CDATA[Playing: Test Song
Song.play() called for: Test Song
Number of notes: 0
Pattern: T120 KEY:C 
Song playback completed successfully
]]></system-out>
  </testcase>
  <testcase name="testSetAndGetSong" classname="com.harmoniqscrum.model.PlaybackEngineTest" time="0.001"/>
  <testcase name="testConstructorWithSong" classname="com.harmoniqscrum.model.PlaybackEngineTest" time="0.0"/>
  <testcase name="testSetAndGetMetronomeSpeed" classname="com.harmoniqscrum.model.PlaybackEngineTest" time="0.0"/>
  <testcase name="testAdjustSpeed" classname="com.harmoniqscrum.model.PlaybackEngineTest" time="0.0"/>
  <testcase name="testLoopPlayback" classname="com.harmoniqscrum.model.PlaybackEngineTest" time="0.001"/>
  <testcase name="testPlaySongByTitle_SongFound" classname="com.harmoniqscrum.model.PlaybackEngineTest" time="0.1">
    <system-out><![CDATA[Playing: Known Song
Song.play() called for: Known Song
Number of notes: 0
Pattern: T120 KEY:C 
Song playback completed successfully
]]></system-out>
  </testcase>
  <testcase name="testDefaultConstructor" classname="com.harmoniqscrum.model.PlaybackEngineTest" time="0.0"/>
</testsuite>